2024-10-14 14:56:02,097 - registration_error - ERROR - failed to register from https://immediatfolex.ai/
2024-10-14 15:24:04,471 - registration_error - ERROR - failed to register from https://immediatfolex.ai/
2024-10-14 15:24:21,631 - registration_error - ERROR - failed to register from https://immediatfolex.ai/bg/
2024-10-14 15:24:37,169 - registration_error - ERROR - failed to register from https://immediatfolex.ai/zh-hant/
2024-10-14 15:24:52,585 - registration_error - ERROR - failed to register from https://immediatfolex.ai/hr/
2024-10-14 15:25:07,908 - registration_error - ERROR - failed to register from https://immediatfolex.ai/cs/
2024-10-14 15:25:23,275 - registration_error - ERROR - failed to register from https://immediatfolex.ai/da/
2024-10-14 15:25:38,722 - registration_error - ERROR - failed to register from https://immediatfolex.ai/nl/
2024-10-14 15:25:54,070 - registration_error - ERROR - failed to register from https://immediatfolex.ai/et/
2024-10-14 15:26:09,602 - registration_error - ERROR - failed to register from https://immediatfolex.ai/fi/
2024-10-14 15:26:25,459 - registration_error - ERROR - failed to register from https://immediatfolex.ai/fr/
2024-10-14 15:26:41,251 - registration_error - ERROR - failed to register from https://immediatfolex.ai/de/
2024-10-14 15:26:56,617 - registration_error - ERROR - failed to register from https://immediatfolex.ai/el/
2024-10-14 15:27:11,998 - registration_error - ERROR - failed to register from https://immediatfolex.ai/hu/
2024-10-14 15:27:27,687 - registration_error - ERROR - failed to register from https://immediatfolex.ai/is/
2024-10-14 15:27:43,228 - registration_error - ERROR - failed to register from https://immediatfolex.ai/it/
2024-10-14 15:27:58,780 - registration_error - ERROR - failed to register from https://immediatfolex.ai/ja/
2024-10-14 15:28:14,497 - registration_error - ERROR - failed to register from https://immediatfolex.ai/ko/
2024-10-14 15:28:29,828 - registration_error - ERROR - failed to register from https://immediatfolex.ai/lv/
2024-10-14 15:28:45,236 - registration_error - ERROR - failed to register from https://immediatfolex.ai/lt/
2024-10-14 15:29:00,985 - registration_error - ERROR - failed to register from https://immediatfolex.ai/no/
2024-10-14 15:29:16,414 - registration_error - ERROR - failed to register from https://immediatfolex.ai/pl/
2024-10-14 15:29:32,108 - registration_error - ERROR - failed to register from https://immediatfolex.ai/pt-br/
2024-10-14 15:29:47,506 - registration_error - ERROR - failed to register from https://immediatfolex.ai/ro/
2024-10-14 15:30:03,477 - registration_error - ERROR - failed to register from https://immediatfolex.ai/ru/
